[2012-11-29 00:28:16] request.ERROR: Symfony\Component\HttpKernel\Exception\NotFoundHttpException: No route found for "GET /" (uncaught exception) at E:\xampp\htdocs\Symfony\vendor\symfony\symfony\src\Symfony\Component\HttpKernel\EventListener\RouterListener.php line 92 [] []
[2012-11-29 00:54:50] request.ERROR: Symfony\Component\HttpKernel\Exception\NotFoundHttpException: No route found for "GET /acme_hello" (uncaught exception) at E:\xampp\htdocs\Symfony\vendor\symfony\symfony\src\Symfony\Component\HttpKernel\EventListener\RouterListener.php line 92 [] []
[2012-11-29 00:55:41] request.ERROR: Symfony\Component\HttpKernel\Exception\NotFoundHttpException: No route found for "GET /hello/me" (uncaught exception) at E:\xampp\htdocs\Symfony\app\cache\prod\classes.php line 5176 [] []
[2012-11-29 00:56:41] request.ERROR: Symfony\Component\HttpKernel\Exception\NotFoundHttpException: No route found for "GET /hello/me/" (uncaught exception) at E:\xampp\htdocs\Symfony\app\cache\prod\classes.php line 5176 [] []
[2012-11-29 00:56:49] request.ERROR: Symfony\Component\HttpKernel\Exception\NotFoundHttpException: No route found for "GET /hello/me/" (uncaught exception) at E:\xampp\htdocs\app\cache\prod\classes.php line 5176 [] []
[2012-11-29 00:58:16] request.ERROR: Symfony\Component\HttpKernel\Exception\NotFoundHttpException: No route found for "GET /" (uncaught exception) at E:\xampp\htdocs\app\cache\prod\classes.php line 5176 [] []
[2012-11-29 00:58:49] request.ERROR: Symfony\Component\HttpKernel\Exception\NotFoundHttpException: No route found for "GET /" (uncaught exception) at E:\xampp\htdocs\app\cache\prod\classes.php line 5176 [] []
[2012-11-29 00:58:57] request.ERROR: Symfony\Component\HttpKernel\Exception\NotFoundHttpException: No route found for "GET /" (uncaught exception) at E:\xampp\htdocs\Symfony\app\cache\prod\classes.php line 5176 [] []
[2012-11-29 01:03:12] request.ERROR: Symfony\Component\HttpKernel\Exception\NotFoundHttpException: No route found for "GET /" (uncaught exception) at E:\xampp\htdocs\Symfony\app\cache\prod\classes.php line 5176 [] []
[2012-11-29 01:03:17] request.ERROR: Symfony\Component\HttpKernel\Exception\NotFoundHttpException: No route found for "GET /" (uncaught exception) at E:\xampp\htdocs\Symfony\app\cache\prod\classes.php line 5176 [] []
[2012-11-29 01:03:28] request.ERROR: Symfony\Component\HttpKernel\Exception\NotFoundHttpException: No route found for "GET /hello" (uncaught exception) at E:\xampp\htdocs\Symfony\app\cache\prod\classes.php line 5176 [] []
[2012-11-29 01:03:33] request.ERROR: Symfony\Component\HttpKernel\Exception\NotFoundHttpException: No route found for "GET /hello/foo/" (uncaught exception) at E:\xampp\htdocs\Symfony\app\cache\prod\classes.php line 5176 [] []
[2012-11-29 01:04:57] request.ERROR: Symfony\Component\HttpKernel\Exception\NotFoundHttpException: No route found for "GET /hello/foo/" (uncaught exception) at E:\xampp\htdocs\Symfony\app\cache\prod\classes.php line 5176 [] []
[2012-11-29 01:05:00] request.ERROR: Symfony\Component\HttpKernel\Exception\NotFoundHttpException: No route found for "GET /hello" (uncaught exception) at E:\xampp\htdocs\Symfony\app\cache\prod\classes.php line 5176 [] []
[2012-11-29 01:05:05] request.ERROR: Symfony\Component\HttpKernel\Exception\NotFoundHttpException: No route found for "GET /HelloBudle" (uncaught exception) at E:\xampp\htdocs\Symfony\app\cache\prod\classes.php line 5176 [] []
[2012-11-29 01:05:07] request.ERROR: Symfony\Component\HttpKernel\Exception\NotFoundHttpException: No route found for "GET /HelloBundle" (uncaught exception) at E:\xampp\htdocs\Symfony\app\cache\prod\classes.php line 5176 [] []
[2012-11-29 01:08:23] request.ERROR: Symfony\Component\HttpKernel\Exception\NotFoundHttpException: No route found for "GET /HelloBundle" (uncaught exception) at E:\xampp\htdocs\Symfony\app\cache\prod\classes.php line 5176 [] []
[2012-11-29 01:08:29] request.ERROR: Symfony\Component\HttpKernel\Exception\NotFoundHttpException: No route found for "GET /hello/foo" (uncaught exception) at E:\xampp\htdocs\Symfony\app\cache\prod\classes.php line 5176 [] []
[2012-11-29 01:08:55] request.ERROR: Symfony\Component\HttpKernel\Exception\NotFoundHttpException: No route found for "GET /hello/foo" (uncaught exception) at E:\xampp\htdocs\Symfony\app\cache\prod\classes.php line 5176 [] []
[2012-11-29 01:08:59] request.ERROR: Symfony\Component\HttpKernel\Exception\NotFoundHttpException: No route found for "GET /app_dev/hello/foo" (uncaught exception) at E:\xampp\htdocs\Symfony\app\cache\prod\classes.php line 5176 [] []
[2012-11-29 01:10:01] request.ERROR: Symfony\Component\HttpKernel\Exception\NotFoundHttpException: No route found for "GET /hello/foo" (uncaught exception) at E:\xampp\htdocs\Symfony\app\cache\prod\classes.php line 5176 [] []
[2012-11-29 01:17:59] request.ERROR: Symfony\Component\HttpKernel\Exception\NotFoundHttpException: No route found for "GET /Hallo/foo" (uncaught exception) at E:\xampp\htdocs\Symfony\app\cache\prod\classes.php line 5176 [] []
[2012-12-03 15:43:44] request.ERROR: Symfony\Component\HttpKernel\Exception\NotFoundHttpException: No route found for "GET /Hallo/foo" (uncaught exception) at E:\xampp\htdocs\Symfony\app\cache\prod\classes.php line 5176 [] []
[2012-12-05 23:56:10] request.ERROR: Symfony\Component\HttpKernel\Exception\NotFoundHttpException: No route found for "GET /260910/1285488480867.jpg" (uncaught exception) at E:\xampp\htdocs\Symfony\app\cache\prod\classes.php line 5176 [] []
[2012-12-05 23:56:10] request.ERROR: Symfony\Component\HttpKernel\Exception\NotFoundHttpException: No route found for "GET /260910/s1285489954405.jpg" (uncaught exception) at E:\xampp\htdocs\Symfony\app\cache\prod\classes.php line 5176 [] []
[2012-12-06 00:39:24] request.ERROR: Symfony\Component\HttpKernel\Exception\NotFoundHttpException: No route found for "GET /t/0/0/593/593706-5deede63.jpg" (uncaught exception) at E:\xampp\htdocs\Symfony\app\cache\prod\classes.php line 5176 [] []
[2012-12-10 17:01:56] request.ERROR: Symfony\Component\HttpKernel\Exception\NotFoundHttpException: No route found for "GET /gdw" (uncaught exception) at E:\xampp\htdocs\Symfony\app\cache\prod\classes.php line 5176 [] []
[2012-12-10 17:02:25] request.ERROR: Symfony\Component\HttpKernel\Exception\NotFoundHttpException: No route found for "GET /gdw/" (uncaught exception) at E:\xampp\htdocs\Symfony\app\cache\prod\classes.php line 5176 [] []
[2012-12-10 17:03:12] request.ERROR: Symfony\Component\HttpKernel\Exception\NotFoundHttpException: No route found for "GET /gdw/" (uncaught exception) at E:\xampp\htdocs\Symfony\app\cache\prod\classes.php line 5176 [] []
[2012-12-10 17:03:14] request.ERROR: Symfony\Component\HttpKernel\Exception\NotFoundHttpException: No route found for "GET /gdw/" (uncaught exception) at E:\xampp\htdocs\Symfony\app\cache\prod\classes.php line 5176 [] []
[2012-12-10 17:03:39] request.ERROR: Symfony\Component\HttpKernel\Exception\NotFoundHttpException: No route found for "GET /gdw/index.php" (uncaught exception) at E:\xampp\htdocs\Symfony\app\cache\prod\classes.php line 5176 [] []
[2012-12-10 17:05:02] request.ERROR: Symfony\Component\HttpKernel\Exception\NotFoundHttpException: No route found for "GET /gdw/index.php" (uncaught exception) at E:\xampp\htdocs\Symfony\app\cache\prod\classes.php line 5176 [] []
[2012-12-10 17:05:07] request.ERROR: Symfony\Component\HttpKernel\Exception\NotFoundHttpException: No route found for "GET /" (uncaught exception) at E:\xampp\htdocs\Symfony\app\cache\prod\classes.php line 5176 [] []
[2012-12-10 17:08:29] request.ERROR: Symfony\Component\HttpKernel\Exception\NotFoundHttpException: No route found for "GET /" (uncaught exception) at E:\xampp\htdocs\Symfony\app\cache\prod\classes.php line 5176 [] []
[2012-12-10 17:08:44] request.ERROR: Symfony\Component\HttpKernel\Exception\NotFoundHttpException: No route found for "GET /" (uncaught exception) at E:\xampp\htdocs\Symfony\app\cache\prod\classes.php line 5176 [] []
[2012-12-11 01:04:33] request.ERROR: Symfony\Component\HttpKernel\Exception\NotFoundHttpException: No route found for "GET /" (uncaught exception) at E:\xampp\htdocs\Symfony\app\cache\prod\classes.php line 5176 [] []
[2012-12-11 01:34:56] request.ERROR: Symfony\Component\HttpKernel\Exception\NotFoundHttpException: No route found for "GET /Hello/Foo" (uncaught exception) at E:\xampp\htdocs\Symfony\app\cache\prod\classes.php line 5176 [] []
[2012-12-11 01:36:47] request.ERROR: Symfony\Component\HttpKernel\Exception\NotFoundHttpException: No route found for "GET /Hello/Foo" (uncaught exception) at E:\xampp\htdocs\Symfony\app\cache\prod\classes.php line 5176 [] []
[2012-12-11 01:37:37] request.ERROR: Symfony\Component\HttpKernel\Exception\NotFoundHttpException: No route found for "GET /Hello/Foo" (uncaught exception) at E:\xampp\htdocs\Symfony\app\cache\prod\classes.php line 5176 [] []
[2012-12-11 01:37:48] request.ERROR: Symfony\Component\HttpKernel\Exception\NotFoundHttpException: No route found for "GET /hello/foo" (uncaught exception) at E:\xampp\htdocs\Symfony\app\cache\prod\classes.php line 5176 [] []
[2012-12-11 01:37:51] request.ERROR: Symfony\Component\HttpKernel\Exception\NotFoundHttpException: No route found for "GET /hello/" (uncaught exception) at E:\xampp\htdocs\Symfony\app\cache\prod\classes.php line 5176 [] []
[2012-12-11 01:38:22] request.ERROR: Symfony\Component\HttpKernel\Exception\NotFoundHttpException: No route found for "GET /hello/" (uncaught exception) at E:\xampp\htdocs\Symfony\app\cache\prod\classes.php line 5176 [] []
[2012-12-11 01:38:24] request.ERROR: Symfony\Component\HttpKernel\Exception\NotFoundHttpException: No route found for "GET /hello/" (uncaught exception) at E:\xampp\htdocs\Symfony\app\cache\prod\classes.php line 5176 [] []
[2012-12-11 01:38:26] request.ERROR: Symfony\Component\HttpKernel\Exception\NotFoundHttpException: No route found for "GET /" (uncaught exception) at E:\xampp\htdocs\Symfony\app\cache\prod\classes.php line 5176 [] []
[2012-12-11 01:38:41] request.ERROR: Symfony\Component\HttpKernel\Exception\NotFoundHttpException: No route found for "GET /" (uncaught exception) at E:\xampp\htdocs\Symfony\app\cache\prod\classes.php line 5176 [] []
[2012-12-11 01:38:49] request.ERROR: Symfony\Component\HttpKernel\Exception\NotFoundHttpException: No route found for "GET /welcome" (uncaught exception) at E:\xampp\htdocs\Symfony\app\cache\prod\classes.php line 5176 [] []
[2012-12-11 01:40:22] request.ERROR: Symfony\Component\HttpKernel\Exception\NotFoundHttpException: No route found for "GET /" (uncaught exception) at E:\xampp\htdocs\Symfony\app\cache\prod\classes.php line 5176 [] []
[2012-12-11 01:42:16] request.ERROR: Symfony\Component\HttpKernel\Exception\NotFoundHttpException: No route found for "GET /app-dev.php" (uncaught exception) at E:\xampp\htdocs\Symfony\app\cache\prod\classes.php line 5176 [] []
[2012-12-11 02:14:44] request.ERROR: Symfony\Component\HttpKernel\Exception\NotFoundHttpException: No route found for "GET /homepage.css" (uncaught exception) at E:\xampp\htdocs\Symfony\app\cache\prod\classes.php line 5176 [] []
[2012-12-11 02:14:50] request.ERROR: Symfony\Component\HttpKernel\Exception\NotFoundHttpException: No route found for "GET /homepage.css" (uncaught exception) at E:\xampp\htdocs\Symfony\app\cache\prod\classes.php line 5176 [] []
[2012-12-11 02:14:58] request.ERROR: Symfony\Component\HttpKernel\Exception\NotFoundHttpException: No route found for "GET /style/homepage.css" (uncaught exception) at E:\xampp\htdocs\Symfony\app\cache\prod\classes.php line 5176 [] []
[2012-12-11 02:15:02] request.ERROR: Symfony\Component\HttpKernel\Exception\NotFoundHttpException: No route found for "GET /styles/homepage.css" (uncaught exception) at E:\xampp\htdocs\Symfony\app\cache\prod\classes.php line 5176 [] []
[2012-12-11 02:15:12] request.ERROR: Symfony\Component\HttpKernel\Exception\NotFoundHttpException: No route found for "GET /public" (uncaught exception) at E:\xampp\htdocs\Symfony\app\cache\prod\classes.php line 5176 [] []
[2012-12-11 02:19:04] request.ERROR: Symfony\Component\HttpKernel\Exception\NotFoundHttpException: No route found for "GET /css/homepage.css" (uncaught exception) at E:\xampp\htdocs\Symfony\app\cache\prod\classes.php line 5176 [] []
[2012-12-11 02:19:11] request.ERROR: Symfony\Component\HttpKernel\Exception\NotFoundHttpException: No route found for "GET /css/homepage.css" (uncaught exception) at E:\xampp\htdocs\Symfony\app\cache\prod\classes.php line 5176 [] []
[2012-12-11 02:19:15] request.ERROR: Symfony\Component\HttpKernel\Exception\NotFoundHttpException: No route found for "GET /css/" (uncaught exception) at E:\xampp\htdocs\Symfony\app\cache\prod\classes.php line 5176 [] []
[2012-12-11 02:20:58] request.ERROR: Symfony\Component\HttpKernel\Exception\NotFoundHttpException: No route found for "GET /bundles/SpoKuWaBundle/css/homepage.css" (uncaught exception) at E:\xampp\htdocs\Symfony\app\cache\prod\classes.php line 5176 [] []
[2012-12-11 02:21:03] request.ERROR: Symfony\Component\HttpKernel\Exception\NotFoundHttpException: No route found for "GET /bundles/SpoKuWaBundle/css/homepage.css" (uncaught exception) at E:\xampp\htdocs\Symfony\app\cache\prod\classes.php line 5176 [] []
[2012-12-11 02:21:15] request.ERROR: Symfony\Component\HttpKernel\Exception\NotFoundHttpException: No route found for "GET /BCloud/SpoKuWaBundle/css/homepage.css" (uncaught exception) at E:\xampp\htdocs\Symfony\app\cache\prod\classes.php line 5176 [] []
[2012-12-11 12:39:00] request.ERROR: Symfony\Component\HttpKernel\Exception\NotFoundHttpException: No route found for "GET /spokuwa/welcome" (uncaught exception) at E:\xampp\htdocs\Symfony\app\cache\prod\classes.php line 5176 [] []
[2012-12-11 12:41:44] request.ERROR: Symfony\Component\HttpKernel\Exception\NotFoundHttpException: No route found for "GET /spokuwa/about" (uncaught exception) at E:\xampp\htdocs\Symfony\app\cache\prod\classes.php line 5176 [] []
[2012-12-11 12:41:46] request.ERROR: Symfony\Component\HttpKernel\Exception\NotFoundHttpException: No route found for "GET /spokuwa/about" (uncaught exception) at E:\xampp\htdocs\Symfony\app\cache\prod\classes.php line 5176 [] []
[2012-12-11 15:01:18] request.ERROR: Symfony\Component\HttpKernel\Exception\NotFoundHttpException: No route found for "GET /bundles/SpoKuWa/img/12_col.gif" (uncaught exception) at E:\xampp\htdocs\Symfony\app\cache\prod\classes.php line 5176 [] []
[2012-12-11 15:08:21] request.ERROR: Symfony\Component\HttpKernel\Exception\NotFoundHttpException: No route found for "GET /bundles/SpoKuWa/img/12_col.gif" (uncaught exception) at E:\xampp\htdocs\Symfony\app\cache\prod\classes.php line 5176 [] []
[2012-12-11 17:09:44] request.ERROR: Symfony\Component\HttpKernel\Exception\NotFoundHttpException: No route found for "GET /bundles/SpoKuWa/img/12_col.gif" (uncaught exception) at E:\xampp\htdocs\Symfony\app\cache\prod\classes.php line 5176 [] []
[2012-12-11 17:17:30] request.ERROR: Symfony\Component\HttpKernel\Exception\NotFoundHttpException: No route found for "GET /bundles/SpoKuWa/img/12_col.gif" (uncaught exception) at E:\xampp\htdocs\Symfony\app\cache\prod\classes.php line 5176 [] []
[2012-12-11 17:17:49] request.ERROR: Symfony\Component\HttpKernel\Exception\NotFoundHttpException: No route found for "GET /bundles/SpoKuWa/img/12_col.gif" (uncaught exception) at E:\xampp\htdocs\Symfony\app\cache\prod\classes.php line 5176 [] []
[2012-12-11 17:19:14] request.ERROR: Symfony\Component\HttpKernel\Exception\NotFoundHttpException: No route found for "GET /bundles/SpoKuWa/img/12_col.gif" (uncaught exception) at E:\xampp\htdocs\Symfony\app\cache\prod\classes.php line 5176 [] []
[2012-12-11 17:27:00] request.ERROR: Symfony\Component\HttpKernel\Exception\NotFoundHttpException: No route found for "GET /bundles/SpoKuWa/img/12_col.gif" (uncaught exception) at E:\xampp\htdocs\Symfony\app\cache\prod\classes.php line 5176 [] []
[2012-12-11 17:30:15] request.ERROR: Symfony\Component\HttpKernel\Exception\NotFoundHttpException: No route found for "GET /bundles/SpoKuWa/img/12_col.gif" (uncaught exception) at E:\xampp\htdocs\Symfony\app\cache\prod\classes.php line 5176 [] []
[2012-12-11 17:31:27] request.ERROR: Symfony\Component\HttpKernel\Exception\NotFoundHttpException: No route found for "GET /bundles/SpoKuWa/img/12_col.gif" (uncaught exception) at E:\xampp\htdocs\Symfony\app\cache\prod\classes.php line 5176 [] []
[2012-12-11 17:32:22] request.ERROR: Symfony\Component\HttpKernel\Exception\NotFoundHttpException: No route found for "GET /bundles/SpoKuWa/img/12_col.gif" (uncaught exception) at E:\xampp\htdocs\Symfony\app\cache\prod\classes.php line 5176 [] []
[2012-12-11 17:34:36] request.ERROR: Symfony\Component\HttpKernel\Exception\NotFoundHttpException: No route found for "GET /bundles/SpoKuWa/img/12_col.gif" (uncaught exception) at E:\xampp\htdocs\Symfony\app\cache\prod\classes.php line 5176 [] []
[2012-12-11 17:34:45] request.ERROR: Symfony\Component\HttpKernel\Exception\NotFoundHttpException: No route found for "GET /bundles/SpoKuWa/img/12_col.gif" (uncaught exception) at E:\xampp\htdocs\Symfony\app\cache\prod\classes.php line 5176 [] []
[2012-12-11 17:34:58] request.ERROR: Symfony\Component\HttpKernel\Exception\NotFoundHttpException: No route found for "GET /bundles/SpoKuWa/img/12_col.gif" (uncaught exception) at E:\xampp\htdocs\Symfony\app\cache\prod\classes.php line 5176 [] []
[2012-12-11 17:37:24] request.ERROR: Symfony\Component\HttpKernel\Exception\NotFoundHttpException: No route found for "GET /bundles/SpoKuWa/img/12_col.gif" (uncaught exception) at E:\xampp\htdocs\Symfony\app\cache\prod\classes.php line 5176 [] []
[2012-12-11 17:37:56] request.ERROR: Symfony\Component\HttpKernel\Exception\NotFoundHttpException: No route found for "GET /bundles/SpoKuWa/img/12_col.gif" (uncaught exception) at E:\xampp\htdocs\Symfony\app\cache\prod\classes.php line 5176 [] []
[2012-12-11 17:38:10] request.ERROR: Symfony\Component\HttpKernel\Exception\NotFoundHttpException: No route found for "GET /bundles/SpoKuWa/img/12_col.gif" (uncaught exception) at E:\xampp\htdocs\Symfony\app\cache\prod\classes.php line 5176 [] []
[2012-12-11 17:38:17] request.ERROR: Symfony\Component\HttpKernel\Exception\NotFoundHttpException: No route found for "GET /bundles/SpoKuWa/img/12_col.gif" (uncaught exception) at E:\xampp\htdocs\Symfony\app\cache\prod\classes.php line 5176 [] []
[2012-12-11 17:38:28] request.ERROR: Symfony\Component\HttpKernel\Exception\NotFoundHttpException: No route found for "GET /bundles/SpoKuWa/img/12_col.gif" (uncaught exception) at E:\xampp\htdocs\Symfony\app\cache\prod\classes.php line 5176 [] []
[2012-12-11 17:38:39] request.ERROR: Symfony\Component\HttpKernel\Exception\NotFoundHttpException: No route found for "GET /bundles/SpoKuWa/img/12_col.gif" (uncaught exception) at E:\xampp\htdocs\Symfony\app\cache\prod\classes.php line 5176 [] []
[2012-12-11 17:38:59] request.ERROR: Symfony\Component\HttpKernel\Exception\NotFoundHttpException: No route found for "GET /bundles/SpoKuWa/img/12_col.gif" (uncaught exception) at E:\xampp\htdocs\Symfony\app\cache\prod\classes.php line 5176 [] []
[2012-12-11 17:39:35] request.ERROR: Symfony\Component\HttpKernel\Exception\NotFoundHttpException: No route found for "GET /bundles/SpoKuWa/img/12_col.gif" (uncaught exception) at E:\xampp\htdocs\Symfony\app\cache\prod\classes.php line 5176 [] []
[2012-12-11 17:39:40] request.ERROR: Symfony\Component\HttpKernel\Exception\NotFoundHttpException: No route found for "GET /bundles/SpoKuWa/img/12_col.gif" (uncaught exception) at E:\xampp\htdocs\Symfony\app\cache\prod\classes.php line 5176 [] []
[2012-12-11 17:39:47] request.ERROR: Symfony\Component\HttpKernel\Exception\NotFoundHttpException: No route found for "GET /bundles/SpoKuWa/img/12_col.gif" (uncaught exception) at E:\xampp\htdocs\Symfony\app\cache\prod\classes.php line 5176 [] []
[2012-12-11 17:39:54] request.ERROR: Symfony\Component\HttpKernel\Exception\NotFoundHttpException: No route found for "GET /bundles/SpoKuWa/img/12_col.gif" (uncaught exception) at E:\xampp\htdocs\Symfony\app\cache\prod\classes.php line 5176 [] []
[2012-12-11 17:40:11] request.ERROR: Symfony\Component\HttpKernel\Exception\NotFoundHttpException: No route found for "GET /bundles/SpoKuWa/img/12_col.gif" (uncaught exception) at E:\xampp\htdocs\Symfony\app\cache\prod\classes.php line 5176 [] []
[2012-12-11 17:40:20] request.ERROR: Symfony\Component\HttpKernel\Exception\NotFoundHttpException: No route found for "GET /bundles/SpoKuWa/img/12_col.gif" (uncaught exception) at E:\xampp\htdocs\Symfony\app\cache\prod\classes.php line 5176 [] []
[2012-12-11 17:40:33] request.ERROR: Symfony\Component\HttpKernel\Exception\NotFoundHttpException: No route found for "GET /bundles/SpoKuWa/img/12_col.gif" (uncaught exception) at E:\xampp\htdocs\Symfony\app\cache\prod\classes.php line 5176 [] []
[2012-12-11 17:40:44] request.ERROR: Symfony\Component\HttpKernel\Exception\NotFoundHttpException: No route found for "GET /bundles/SpoKuWa/img/12_col.gif" (uncaught exception) at E:\xampp\htdocs\Symfony\app\cache\prod\classes.php line 5176 [] []
[2012-12-11 17:41:39] request.ERROR: Symfony\Component\HttpKernel\Exception\NotFoundHttpException: No route found for "GET /bundles/SpoKuWa/img/12_col.gif" (uncaught exception) at E:\xampp\htdocs\Symfony\app\cache\prod\classes.php line 5176 [] []
[2012-12-11 17:41:54] request.ERROR: Symfony\Component\HttpKernel\Exception\NotFoundHttpException: No route found for "GET /bundles/SpoKuWa/img/12_col.gif" (uncaught exception) at E:\xampp\htdocs\Symfony\app\cache\prod\classes.php line 5176 [] []
[2012-12-11 17:51:01] request.ERROR: Symfony\Component\HttpKernel\Exception\NotFoundHttpException: No route found for "GET /bundles/SpoKuWa/img/12_col.gif" (uncaught exception) at E:\xampp\htdocs\Symfony\app\cache\prod\classes.php line 5176 [] []
[2012-12-11 17:52:38] request.ERROR: Symfony\Component\HttpKernel\Exception\NotFoundHttpException: No route found for "GET /bundles/SpoKuWa/img/12_col.gif" (uncaught exception) at E:\xampp\htdocs\Symfony\app\cache\prod\classes.php line 5176 [] []
[2012-12-11 17:53:44] request.ERROR: Symfony\Component\HttpKernel\Exception\NotFoundHttpException: No route found for "GET /bundles/SpoKuWa/img/12_col.gif" (uncaught exception) at E:\xampp\htdocs\Symfony\app\cache\prod\classes.php line 5176 [] []
[2012-12-11 17:53:56] request.ERROR: Symfony\Component\HttpKernel\Exception\NotFoundHttpException: No route found for "GET /bundles/SpoKuWa/img/12_col.gif" (uncaught exception) at E:\xampp\htdocs\Symfony\app\cache\prod\classes.php line 5176 [] []
[2012-12-11 17:54:07] request.ERROR: Symfony\Component\HttpKernel\Exception\NotFoundHttpException: No route found for "GET /bundles/SpoKuWa/img/12_col.gif" (uncaught exception) at E:\xampp\htdocs\Symfony\app\cache\prod\classes.php line 5176 [] []
[2012-12-11 17:55:12] request.ERROR: Symfony\Component\HttpKernel\Exception\NotFoundHttpException: No route found for "GET /bundles/SpoKuWa/img/12_col.gif" (uncaught exception) at E:\xampp\htdocs\Symfony\app\cache\prod\classes.php line 5176 [] []
[2012-12-11 17:55:27] request.ERROR: Symfony\Component\HttpKernel\Exception\NotFoundHttpException: No route found for "GET /bundles/SpoKuWa/img/12_col.gif" (uncaught exception) at E:\xampp\htdocs\Symfony\app\cache\prod\classes.php line 5176 [] []
[2012-12-11 17:55:43] request.ERROR: Symfony\Component\HttpKernel\Exception\NotFoundHttpException: No route found for "GET /bundles/SpoKuWa/img/12_col.gif" (uncaught exception) at E:\xampp\htdocs\Symfony\app\cache\prod\classes.php line 5176 [] []
[2012-12-11 17:55:57] request.ERROR: Symfony\Component\HttpKernel\Exception\NotFoundHttpException: No route found for "GET /bundles/SpoKuWa/img/12_col.gif" (uncaught exception) at E:\xampp\htdocs\Symfony\app\cache\prod\classes.php line 5176 [] []
[2012-12-11 18:37:18] request.ERROR: Symfony\Component\HttpKernel\Exception\NotFoundHttpException: No route found for "GET /bundles/SpoKuWa/img/12_col.gif" (uncaught exception) at E:\xampp\htdocs\Symfony\app\cache\prod\classes.php line 5176 [] []
[2012-12-11 19:00:47] request.ERROR: Symfony\Component\HttpKernel\Exception\NotFoundHttpException: No route found for "GET /bundles/SpoKuWa/img/12_col.gif" (uncaught exception) at E:\xampp\htdocs\Symfony\app\cache\prod\classes.php line 5176 [] []
[2012-12-11 22:56:24] request.ERROR: Symfony\Component\HttpKernel\Exception\NotFoundHttpException: No route found for "GET /" (uncaught exception) at E:\xampp\htdocs\Symfony\app\cache\prod\classes.php line 5176 [] []
[2012-12-11 22:58:10] request.ERROR: Symfony\Component\HttpKernel\Exception\NotFoundHttpException: No route found for "GET /" (uncaught exception) at E:\xampp\htdocs\Symfony\app\cache\prod\classes.php line 5176 [] []
[2012-12-12 12:32:05] request.ERROR: Symfony\Component\HttpKernel\Exception\NotFoundHttpException: No route found for "GET /bundles/SpoKuWa/img/12_col.gif" (uncaught exception) at E:\xampp\htdocs\Symfony\app\cache\prod\classes.php line 5176 [] []
[2012-12-12 16:17:18] request.ERROR: Symfony\Component\HttpKernel\Exception\NotFoundHttpException: No route found for "GET /welcome" (uncaught exception) at E:\xampp\htdocs\Symfony\app\cache\prod\classes.php line 5176 [] []
[2012-12-12 18:25:35] request.ERROR: Symfony\Component\HttpKernel\Exception\NotFoundHttpException: No route found for "GET /register" (uncaught exception) at E:\xampp\htdocs\Symfony\app\cache\prod\classes.php line 5176 [] []
[2012-12-12 18:27:47] request.ERROR: Symfony\Component\HttpKernel\Exception\NotFoundHttpException: No route found for "GET /register" (uncaught exception) at E:\xampp\htdocs\Symfony\app\cache\prod\classes.php line 5176 [] []
[2012-12-12 18:28:54] request.ERROR: Symfony\Component\HttpKernel\Exception\NotFoundHttpException: No route found for "GET /register" (uncaught exception) at E:\xampp\htdocs\Symfony\app\cache\prod\classes.php line 5176 [] []
[2012-12-12 18:32:54] request.ERROR: Symfony\Component\HttpKernel\Exception\NotFoundHttpException: No route found for "GET /homepage/register" (uncaught exception) at E:\xampp\htdocs\Symfony\app\cache\prod\classes.php line 5176 [] []
[2012-12-12 18:33:22] request.ERROR: Symfony\Component\HttpKernel\Exception\NotFoundHttpException: No route found for "GET /homepage/register" (uncaught exception) at E:\xampp\htdocs\Symfony\app\cache\prod\classes.php line 5176 [] []
[2012-12-12 21:28:08] request.ERROR: Symfony\Component\HttpKernel\Exception\NotFoundHttpException: No route found for "GET /bundles/SpoKuWa/img/12_col.gif" (uncaught exception) at E:\xampp\htdocs\Symfony\app\cache\prod\classes.php line 5176 [] []
[2012-12-12 21:33:29] request.ERROR: Symfony\Component\HttpKernel\Exception\NotFoundHttpException: No route found for "GET /home" (uncaught exception) at E:\xampp\htdocs\Symfony\app\cache\prod\classes.php line 5176 [] []
[2012-12-16 16:19:54] request.ERROR: Symfony\Component\HttpKernel\Exception\NotFoundHttpException: No route found for "GET /bundles/SpoKuWa/img/12_col.gif" (uncaught exception) at E:\xampp\htdocs\Symfony\app\cache\prod\classes.php line 5176 [] []
[2012-12-19 17:16:59] request.ERROR: Symfony\Component\HttpKernel\Exception\NotFoundHttpException: No route found for "GET /bundles/SpoKuWa/img/12_col.gif" (uncaught exception) at E:\xampp\htdocs\Symfony\app\cache\prod\classes.php line 5176 [] []
[2012-12-22 20:01:10] request.ERROR: Symfony\Component\HttpKernel\Exception\NotFoundHttpException: No route found for "GET /bundles/SpoKuWa/img/12_col.gif" (uncaught exception) at E:\xampp\htdocs\Symfony\app\cache\prod\classes.php line 5176 [] []
[2012-12-22 21:14:20] request.ERROR: Symfony\Component\HttpKernel\Exception\NotFoundHttpException: No route found for "GET /" (uncaught exception) at E:\xampp\htdocs\Symfony\app\cache\prod\classes.php line 5176 [] []
[2012-12-22 21:17:59] request.ERROR: Symfony\Component\HttpKernel\Exception\NotFoundHttpException: No route found for "GET /" (uncaught exception) at E:\xampp\htdocs\Symfony\app\cache\prod\classes.php line 5176 [] []
[2012-12-22 21:32:58] request.ERROR: Symfony\Component\HttpKernel\Exception\NotFoundHttpException: No route found for "GET /bundles/SpoKuWa/img/12_col.gif" (uncaught exception) at E:\xampp\htdocs\Symfony\app\cache\prod\classes.php line 5176 [] []
[2012-12-22 22:42:55] request.ERROR: Symfony\Component\HttpKernel\Exception\NotFoundHttpException: No route found for "GET /bundles/SpoKuWa/img/12_col.gif" (uncaught exception) at E:\xampp\htdocs\Symfony\app\cache\prod\classes.php line 5176 [] []
[2012-12-22 22:45:33] request.ERROR: Symfony\Component\HttpKernel\Exception\NotFoundHttpException: No route found for "GET /bundles/SpoKuWa/img/12_col.gif" (uncaught exception) at E:\xampp\htdocs\Symfony\app\cache\prod\classes.php line 5176 [] []
[2012-12-25 16:45:03] request.ERROR: Symfony\Component\HttpKernel\Exception\NotFoundHttpException: No route found for "GET /" (uncaught exception) at E:\xampp\htdocs\Symfony\app\cache\prod\classes.php line 5176 [] []
[2012-12-25 16:45:03] request.ERROR: Symfony\Component\HttpKernel\Exception\NotFoundHttpException: No route found for "GET /" (uncaught exception) at E:\xampp\htdocs\Symfony\app\cache\prod\classes.php line 5176 [] []
[2012-12-25 16:55:56] request.ERROR: Symfony\Component\HttpKernel\Exception\NotFoundHttpException: No route found for "GET /homepage" (uncaught exception) at E:\xampp\htdocs\Symfony\app\cache\prod\classes.php line 5176 [] []
[2012-12-25 16:56:03] request.ERROR: Symfony\Component\HttpKernel\Exception\NotFoundHttpException: No route found for "GET /spokuwa" (uncaught exception) at E:\xampp\htdocs\Symfony\app\cache\prod\classes.php line 5176 [] []
[2012-12-25 17:02:25] request.ERROR: Symfony\Component\HttpKernel\Exception\NotFoundHttpException: No route found for "GET /homepage" (uncaught exception) at E:\xampp\htdocs\Symfony\app\cache\prod\classes.php line 5176 [] []
[2012-12-25 17:02:27] request.ERROR: Symfony\Component\HttpKernel\Exception\NotFoundHttpException: No route found for "GET /" (uncaught exception) at E:\xampp\htdocs\Symfony\app\cache\prod\classes.php line 5176 [] []
[2012-12-25 17:02:32] request.ERROR: Symfony\Component\HttpKernel\Exception\NotFoundHttpException: No route found for "GET /login" (uncaught exception) at E:\xampp\htdocs\Symfony\app\cache\prod\classes.php line 5176 [] []
[2012-12-25 17:02:59] request.ERROR: Symfony\Component\HttpKernel\Exception\NotFoundHttpException: No route found for "GET /login" (uncaught exception) at E:\xampp\htdocs\Symfony\app\cache\prod\classes.php line 5176 [] []
[2012-12-25 17:03:02] request.ERROR: Symfony\Component\HttpKernel\Exception\NotFoundHttpException: No route found for "GET /" (uncaught exception) at E:\xampp\htdocs\Symfony\app\cache\prod\classes.php line 5176 [] []
[2012-12-25 17:03:05] request.ERROR: Symfony\Component\HttpKernel\Exception\NotFoundHttpException: No route found for "GET /about" (uncaught exception) at E:\xampp\htdocs\Symfony\app\cache\prod\classes.php line 5176 [] []
[2012-12-25 17:03:10] request.ERROR: Symfony\Component\HttpKernel\Exception\NotFoundHttpException: No route found for "GET /homepage/about" (uncaught exception) at E:\xampp\htdocs\Symfony\app\cache\prod\classes.php line 5176 [] []
[2012-12-25 17:04:46] request.ERROR: Symfony\Component\HttpKernel\Exception\NotFoundHttpException: No route found for "GET /homepage/about" (uncaught exception) at E:\xampp\htdocs\Symfony\app\cache\prod\classes.php line 5176 [] []
[2012-12-25 17:05:05] request.ERROR: Symfony\Component\HttpKernel\Exception\NotFoundHttpException: No route found for "GET /homepage/about" (uncaught exception) at E:\xampp\htdocs\Symfony\app\cache\prod\classes.php line 5176 [] []
[2012-12-25 17:05:07] request.ERROR: Symfony\Component\HttpKernel\Exception\NotFoundHttpException: No route found for "GET /" (uncaught exception) at E:\xampp\htdocs\Symfony\app\cache\prod\classes.php line 5176 [] []
[2012-12-25 17:05:19] request.ERROR: Symfony\Component\HttpKernel\Exception\NotFoundHttpException: No route found for "GET /foo/" (uncaught exception) at E:\xampp\htdocs\Symfony\app\cache\prod\classes.php line 5176 [] []
[2012-12-25 17:05:22] request.ERROR: Symfony\Component\HttpKernel\Exception\NotFoundHttpException: No route found for "GET /foo/about" (uncaught exception) at E:\xampp\htdocs\Symfony\app\cache\prod\classes.php line 5176 [] []
[2012-12-25 17:05:25] request.ERROR: Symfony\Component\HttpKernel\Exception\NotFoundHttpException: No route found for "GET /" (uncaught exception) at E:\xampp\htdocs\Symfony\app\cache\prod\classes.php line 5176 [] []
[2012-12-25 17:05:46] request.ERROR: Symfony\Component\HttpKernel\Exception\NotFoundHttpException: No route found for "GET /welcome" (uncaught exception) at E:\xampp\htdocs\Symfony\app\cache\prod\classes.php line 5176 [] []
[2012-12-25 17:25:59] request.ERROR: Symfony\Component\HttpKernel\Exception\NotFoundHttpException: No route found for "GET /bundles/SpoKuWa/img/12_col.gif" (uncaught exception) at E:\xampp\htdocs\Symfony\app\cache\prod\classes.php line 5176 [] []
[2012-12-26 02:11:43] request.ERROR: Symfony\Component\HttpKernel\Exception\NotFoundHttpException: No route found for "GET /bundles/SpoKuWa/img/12_col.gif" (uncaught exception) at E:\xampp\htdocs\Symfony\vendor\symfony\symfony\src\Symfony\Component\HttpKernel\EventListener\RouterListener.php line 92 [] []
[2012-12-26 02:11:56] request.ERROR: Symfony\Component\HttpKernel\Exception\NotFoundHttpException: No route found for "GET /bundles/SpoKuWa/img/12_col.gif" (uncaught exception) at E:\xampp\htdocs\Symfony\app\cache\prod\classes.php line 5176 [] []
[2012-12-26 02:33:28] request.ERROR: Symfony\Component\HttpKernel\Exception\NotFoundHttpException: No route found for "GET /bundles/SpoKuWa/img/12_col.gif" (uncaught exception) at E:\xampp\htdocs\Symfony\app\cache\prod\classes.php line 5176 [] []
[2012-12-26 17:19:59] request.ERROR: Symfony\Component\HttpKernel\Exception\NotFoundHttpException: No route found for "GET /bundles/SpoKuWa/img/12_col.gif" (uncaught exception) at E:\xampp\htdocs\Symfony\app\cache\prod\classes.php line 5176 [] []
[2012-12-26 17:37:27] request.ERROR: Symfony\Component\HttpKernel\Exception\NotFoundHttpException: No route found for "GET /bundles/SpoKuWa/img/12_col.gif" (uncaught exception) at E:\xampp\htdocs\Symfony\app\cache\prod\classes.php line 5176 [] []
[2012-12-26 17:37:42] request.ERROR: Symfony\Component\HttpKernel\Exception\NotFoundHttpException: No route found for "GET /bundles/SpoKuWa/img/12_col.gif" (uncaught exception) at E:\xampp\htdocs\Symfony\app\cache\prod\classes.php line 5176 [] []
[2012-12-26 18:06:57] request.ERROR: Symfony\Component\HttpKernel\Exception\NotFoundHttpException: No route found for "GET /bundles/SpoKuWa/img/12_col.gif" (uncaught exception) at E:\xampp\htdocs\Symfony\app\cache\prod\classes.php line 5176 [] []
[2012-12-26 18:09:37] request.ERROR: Symfony\Component\HttpKernel\Exception\NotFoundHttpException: No route found for "GET /bundles/SpoKuWa/img/12_col.gif" (uncaught exception) at E:\xampp\htdocs\Symfony\app\cache\prod\classes.php line 5176 [] []
[2012-12-27 02:46:13] request.ERROR: Symfony\Component\HttpKernel\Exception\NotFoundHttpException: No route found for "GET /bundles/SpoKuWa/img/12_col.gif" (uncaught exception) at E:\xampp\htdocs\Symfony\vendor\symfony\symfony\src\Symfony\Component\HttpKernel\EventListener\RouterListener.php line 92 [] []
[2012-12-27 02:46:30] request.ERROR: Symfony\Component\HttpKernel\Exception\NotFoundHttpException: No route found for "GET /bundles/SpoKuWa/img/12_col.gif" (uncaught exception) at E:\xampp\htdocs\Symfony\app\cache\prod\classes.php line 5176 [] []
[2012-12-27 12:25:08] request.ERROR: Symfony\Component\HttpKernel\Exception\NotFoundHttpException: No route found for "GET /bundles/SpoKuWa/img/12_col.gif" (uncaught exception) at E:\xampp\htdocs\Symfony\app\cache\prod\classes.php line 5176 [] []
[2012-12-27 12:50:46] request.ERROR: Symfony\Component\HttpKernel\Exception\NotFoundHttpException: No route found for "GET /bundles/SpoKuWa/img/12_col.gif" (uncaught exception) at E:\xampp\htdocs\Symfony\app\cache\prod\classes.php line 5176 [] []
[2012-12-27 12:50:56] request.ERROR: Symfony\Component\HttpKernel\Exception\NotFoundHttpException: No route found for "GET /bundles/SpoKuWa/img/12_col.gif" (uncaught exception) at E:\xampp\htdocs\Symfony\app\cache\prod\classes.php line 5176 [] []
[2012-12-27 12:51:21] request.ERROR: Symfony\Component\HttpKernel\Exception\NotFoundHttpException: No route found for "GET /bundles/SpoKuWa/img/12_col.gif" (uncaught exception) at E:\xampp\htdocs\Symfony\app\cache\prod\classes.php line 5176 [] []
[2012-12-27 12:51:37] request.ERROR: Symfony\Component\HttpKernel\Exception\NotFoundHttpException: No route found for "GET /bundles/SpoKuWa/img/12_col.gif" (uncaught exception) at E:\xampp\htdocs\Symfony\app\cache\prod\classes.php line 5176 [] []
[2012-12-28 13:20:01] request.ERROR: Symfony\Component\HttpKernel\Exception\NotFoundHttpException: No route found for "GET /bundles/SpoKuWa/img/12_col.gif" (uncaught exception) at E:\xampp\htdocs\Symfony\app\cache\prod\classes.php line 5176 [] []
[2012-12-28 13:42:51] request.ERROR: Symfony\Component\HttpKernel\Exception\NotFoundHttpException: No route found for "GET /bundles/SpoKuWa/img/12_col.gif" (uncaught exception) at E:\xampp\htdocs\Symfony\app\cache\prod\classes.php line 5176 [] []
[2012-12-28 22:24:56] request.ERROR: Symfony\Component\HttpKernel\Exception\NotFoundHttpException: No route found for "GET /bundles/SpoKuWa/img/12_col.gif" (uncaught exception) at E:\xampp\htdocs\Symfony\app\cache\prod\classes.php line 5176 [] []
[2012-12-28 23:17:11] request.ERROR: Symfony\Component\HttpKernel\Exception\NotFoundHttpException: No route found for "GET /bundles/SpoKuWa/img/12_col.gif" (uncaught exception) at E:\xampp\htdocs\Symfony\app\cache\prod\classes.php line 5176 [] []
[2012-12-29 00:50:44] request.ERROR: Symfony\Component\HttpKernel\Exception\NotFoundHttpException: No route found for "GET /bundles/SpoKuWa/img/12_col.gif" (uncaught exception) at E:\xampp\htdocs\Symfony\app\cache\prod\classes.php line 5176 [] []
[2012-12-29 02:07:08] request.ERROR: Symfony\Component\HttpKernel\Exception\NotFoundHttpException: No route found for "GET /bundles/SpoKuWa/img/12_col.gif" (uncaught exception) at E:\xampp\htdocs\Symfony\app\cache\prod\classes.php line 5176 [] []
[2012-12-29 05:26:53] request.ERROR: Symfony\Component\HttpKernel\Exception\NotFoundHttpException: No route found for "GET /130311/1299986710590.jpg" (uncaught exception) at E:\xampp\htdocs\Symfony\app\cache\prod\classes.php line 5176 [] []
[2012-12-29 05:26:53] request.ERROR: Symfony\Component\HttpKernel\Exception\NotFoundHttpException: No route found for "GET /100511/1305049846170.jpeg" (uncaught exception) at E:\xampp\htdocs\Symfony\app\cache\prod\classes.php line 5176 [] []
[2012-12-29 05:26:53] request.ERROR: Symfony\Component\HttpKernel\Exception\NotFoundHttpException: No route found for "GET /020711/1309605735639.jpeg" (uncaught exception) at E:\xampp\htdocs\Symfony\app\cache\prod\classes.php line 5176 [] []
[2012-12-29 05:26:53] request.ERROR: Symfony\Component\HttpKernel\Exception\NotFoundHttpException: No route found for "GET /010411/1301641409528.jpeg" (uncaught exception) at E:\xampp\htdocs\Symfony\app\cache\prod\classes.php line 5176 [] []
[2012-12-29 05:26:54] request.ERROR: Symfony\Component\HttpKernel\Exception\NotFoundHttpException: No route found for "GET /200511/1305911768959.jpg" (uncaught exception) at E:\xampp\htdocs\Symfony\app\cache\prod\classes.php line 5176 [] []
[2012-12-29 05:26:54] request.ERROR: Symfony\Component\HttpKernel\Exception\NotFoundHttpException: No route found for "GET /010411/1301641409528.jpeg" (uncaught exception) at E:\xampp\htdocs\Symfony\app\cache\prod\classes.php line 5176 [] []
[2012-12-29 05:26:54] request.ERROR: Symfony\Component\HttpKernel\Exception\NotFoundHttpException: No route found for "GET /130311/1299986710590.jpg" (uncaught exception) at E:\xampp\htdocs\Symfony\app\cache\prod\classes.php line 5176 [] []
[2012-12-29 05:26:54] request.ERROR: Symfony\Component\HttpKernel\Exception\NotFoundHttpException: No route found for "GET /100511/1305049846170.jpeg" (uncaught exception) at E:\xampp\htdocs\Symfony\app\cache\prod\classes.php line 5176 [] []
[2012-12-29 05:26:54] request.ERROR: Symfony\Component\HttpKernel\Exception\NotFoundHttpException: No route found for "GET /020711/1309605735639.jpeg" (uncaught exception) at E:\xampp\htdocs\Symfony\app\cache\prod\classes.php line 5176 [] []
[2012-12-29 05:26:55] request.ERROR: Symfony\Component\HttpKernel\Exception\NotFoundHttpException: No route found for "GET /010411/1301641409528.jpeg" (uncaught exception) at E:\xampp\htdocs\Symfony\app\cache\prod\classes.php line 5176 [] []
[2012-12-29 05:26:55] request.ERROR: Symfony\Component\HttpKernel\Exception\NotFoundHttpException: No route found for "GET /130311/1299986710590.jpg" (uncaught exception) at E:\xampp\htdocs\Symfony\app\cache\prod\classes.php line 5176 [] []
[2012-12-29 05:26:55] request.ERROR: Symfony\Component\HttpKernel\Exception\NotFoundHttpException: No route found for "GET /200511/1305911768959.jpg" (uncaught exception) at E:\xampp\htdocs\Symfony\app\cache\prod\classes.php line 5176 [] []
[2012-12-29 05:26:56] request.ERROR: Symfony\Component\HttpKernel\Exception\NotFoundHttpException: No route found for "GET /100511/1305049846170.jpeg" (uncaught exception) at E:\xampp\htdocs\Symfony\app\cache\prod\classes.php line 5176 [] []
[2012-12-29 05:26:56] request.ERROR: Symfony\Component\HttpKernel\Exception\NotFoundHttpException: No route found for "GET /020711/1309605735639.jpeg" (uncaught exception) at E:\xampp\htdocs\Symfony\app\cache\prod\classes.php line 5176 [] []
[2012-12-29 16:41:20] request.ERROR: Symfony\Component\HttpKernel\Exception\NotFoundHttpException: No route found for "GET /bundles/SpoKuWa/img/12_col.gif" (uncaught exception) at E:\xampp\htdocs\Symfony\app\cache\prod\classes.php line 5176 [] []
[2012-12-29 18:26:02] request.ERROR: Symfony\Component\HttpKernel\Exception\NotFoundHttpException: No route found for "GET /bundles/SpoKuWa/img/12_col.gif" (uncaught exception) at E:\xampp\htdocs\Symfony\app\cache\prod\classes.php line 5176 [] []
[2012-12-29 18:34:08] request.ERROR: Symfony\Component\HttpKernel\Exception\NotFoundHttpException: No route found for "GET /bundles/SpoKuWa/img/12_col.gif" (uncaught exception) at E:\xampp\htdocs\Symfony\app\cache\prod\classes.php line 5176 [] []
[2012-12-29 21:01:38] request.ERROR: Symfony\Component\HttpKernel\Exception\NotFoundHttpException: No route found for "GET /bundles/SpoKuWa/img/12_col.gif" (uncaught exception) at E:\xampp\htdocs\Symfony\app\cache\prod\classes.php line 5176 [] []
[2013-01-26 01:58:55] request.ERROR: Symfony\Component\HttpKernel\Exception\NotFoundHttpException: No route found for "GET /spy.js" (uncaught exception) at E:\xampp\htdocs\Symfony\app\cache\prod\classes.php line 5176 [] []
[2013-01-26 01:58:55] request.ERROR: Symfony\Component\HttpKernel\Exception\NotFoundHttpException: No route found for "GET /spy.js" (uncaught exception) at E:\xampp\htdocs\Symfony\app\cache\prod\classes.php line 5176 [] []
[2013-01-26 02:01:56] request.ERROR: Symfony\Component\HttpKernel\Exception\NotFoundHttpException: No route found for "GET /spy.js" (uncaught exception) at E:\xampp\htdocs\Symfony\app\cache\prod\classes.php line 5176 [] []
[2013-01-26 22:35:12] request.ERROR: Symfony\Component\HttpKernel\Exception\NotFoundHttpException: No route found for "GET /bundles/SpoKuWa/img/12_col.gif" (uncaught exception) at E:\xampp\htdocs\Symfony\app\cache\prod\classes.php line 5176 [] []
[2013-01-27 21:22:39] request.ERROR: Symfony\Component\HttpKernel\Exception\NotFoundHttpException: No route found for "GET /bundles/SpoKuWa/img/12_col.gif" (uncaught exception) at E:\xampp\htdocs\Symfony\app\cache\prod\classes.php line 5176 [] []
[2013-01-27 21:24:24] request.ERROR: Symfony\Component\HttpKernel\Exception\NotFoundHttpException: No route found for "GET /bundles/SpoKuWa/img/12_col.gif" (uncaught exception) at E:\xampp\htdocs\Symfony\app\cache\prod\classes.php line 5176 [] []
[2013-01-27 21:31:16] request.ERROR: Symfony\Component\HttpKernel\Exception\NotFoundHttpException: No route found for "GET /test" (uncaught exception) at E:\xampp\htdocs\Symfony\app\cache\prod\classes.php line 5176 [] []
[2013-01-27 21:31:23] request.ERROR: Symfony\Component\HttpKernel\Exception\NotFoundHttpException: No route found for "GET /dev/" (uncaught exception) at E:\xampp\htdocs\Symfony\app\cache\prod\classes.php line 5176 [] []
[2013-01-27 21:31:28] request.ERROR: Symfony\Component\HttpKernel\Exception\NotFoundHttpException: No route found for "GET /bundles/SpoKuWa/img/12_col.gif" (uncaught exception) at E:\xampp\htdocs\Symfony\app\cache\prod\classes.php line 5176 [] []
[2013-01-27 21:32:44] request.ERROR: Symfony\Component\HttpKernel\Exception\NotFoundHttpException: No route found for "GET /dev/" (uncaught exception) at E:\xampp\htdocs\Symfony\app\cache\prod\classes.php line 5176 [] []
[2013-01-27 22:13:44] request.ERROR: Symfony\Component\HttpKernel\Exception\NotFoundHttpException: No route found for "GET /bundles/SpoKuWa/img/12_col.gif" (uncaught exception) at E:\xampp\htdocs\Symfony\app\cache\prod\classes.php line 5176 [] []
[2013-01-27 22:13:45] request.ERROR: Symfony\Component\HttpKernel\Exception\NotFoundHttpException: No route found for "GET /bundles/SpoKuWa/img/12_col.gif" (uncaught exception) at E:\xampp\htdocs\Symfony\app\cache\prod\classes.php line 5176 [] []
